Dataset name: Tmall
The number of users: 8302
The number of items: 30316
The behavior ratings: [417483, 57409, 43172]
The number of ratings: 518064
Average actions of users: 62.40
Average actions of items: 17.09
The density of the dataset: 0.002058
The sparsity of the dataset: 99.794160%
wid : [0.01,0.01,0.01]
decay: 0.01
coefficient : [1.0/6, 4.0/6, 1.0/6]
already load adj matrix 0.1586899757385254
already load pre adj matrix
use the pre adjcency matrix
638
116
112
user_text_embs.shape: torch.Size([8302, 128])
self.num_users: 8302
without pretraining.
Epoch 0 [29.2s]: train==[773.27367=-3.84598 + 0.39985 + 776.71979]
Epoch 1 [28.2s]: train==[405.35390=-4.97418 + 0.19591 + 410.13216]
Epoch 2 [27.9s]: train==[166.06404=-1.81037 + 0.11754 + 167.75687]
Epoch 3 [27.2s]: train==[106.01414=-0.81040 + 0.09292 + 106.73162]
Epoch 4 [27.4s + 11.9s]:, recall=[0.00036, 0.00193], precision=[0.00004, 0.00004], hit=[0.00036, 0.00193], ndcg=[0.00013, 0.00042]
Epoch 5 [27.1s]: train==[88.96311=-0.47495 + 0.07910 + 89.35896]
Epoch 6 [26.7s]: train==[87.06264=-0.52961 + 0.07614 + 87.51610]
Epoch 7 [26.0s]: train==[85.66190=-0.63305 + 0.07426 + 86.22069]
Epoch 8 [26.3s]: train==[84.75230=-0.78459 + 0.07296 + 85.46392]
Epoch 9 [26.1s + 11.7s]:, recall=[0.00036, 0.00289], precision=[0.00004, 0.00006], hit=[0.00036, 0.00289], ndcg=[0.00014, 0.00066]
Epoch 10 [26.4s]: train==[82.99026=-1.13786 + 0.07144 + 84.05668]
Epoch 11 [25.9s]: train==[82.06426=-1.32540 + 0.07138 + 83.31828]
Epoch 12 [25.9s]: train==[81.28978=-1.55467 + 0.07161 + 82.77285]
Epoch 13 [26.2s]: train==[80.48538=-1.78431 + 0.07239 + 82.19730]
Epoch 14 [18.9s + 11.5s]:, recall=[0.00084, 0.00361], precision=[0.00008, 0.00007], hit=[0.00084, 0.00361], ndcg=[0.00041, 0.00096]
Epoch 15 [18.6s]: train==[78.93736=-2.38708 + 0.07544 + 81.24900]
Epoch 16 [17.9s]: train==[78.56282=-2.76133 + 0.07819 + 81.24597]
Epoch 17 [24.5s]: train==[77.54668=-3.28312 + 0.08206 + 80.74774]
Epoch 18 [26.3s]: train==[76.82520=-3.97289 + 0.08819 + 80.70991]
Epoch 19 [26.4s + 11.8s]:, recall=[0.00181, 0.00554], precision=[0.00018, 0.00011], hit=[0.00181, 0.00554], ndcg=[0.00101, 0.00178]
Epoch 20 [25.5s]: train==[73.70530=-7.02734 + 0.11937 + 80.61327]
Epoch 21 [26.3s]: train==[68.01836=-14.22489 + 0.19803 + 82.04522]
Epoch 22 [25.7s]: train==[-557.38870=-819.74197 + 3.57971 + 258.77355]
Epoch 23 [26.4s]: train==[-30731.25925=-31948.96198 + 63.48774 + 1154.21448]
Epoch 24 [26.6s + 10.5s]:, recall=[0.00036, 0.00169], precision=[0.00004, 0.00003], hit=[0.00036, 0.00169], ndcg=[0.00013, 0.00042]
Epoch 25 [27.0s]: train==[-46963.74866=-48196.85437 + 76.58227 + 1156.52354]
Epoch 26 [27.8s]: train==[-51658.28168=-52880.62219 + 79.96811 + 1142.37241]
Epoch 27 [27.6s]: train==[-54707.09497=-55912.57275 + 85.38292 + 1120.09497]
Epoch 28 [27.7s]: train==[-56230.94543=-57424.02075 + 89.83670 + 1103.23846]
Epoch 29 [27.0s + 12.1s]:, recall=[0.00060, 0.00325], precision=[0.00006, 0.00007], hit=[0.00060, 0.00325], ndcg=[0.00032, 0.00087]
Epoch 30 [26.6s]: train==[-59802.49609=-60979.09924 + 105.39836 + 1071.20543]
Epoch 31 [27.4s]: train==[-60509.14392=-61678.72632 + 115.38385 + 1054.19773]
Epoch 32 [27.3s]: train==[-62044.27905=-63206.09326 + 128.88785 + 1032.92675]
Epoch 33 [26.8s]: train==[-63498.94714=-64658.23438 + 143.55721 + 1015.73004]
Epoch 34 [26.1s + 11.6s]:, recall=[0.00169, 0.00482], precision=[0.00017, 0.00010], hit=[0.00169, 0.00482], ndcg=[0.00074, 0.00142]
Epoch 35 [28.3s]: train==[-65572.65662=-66732.26965 + 178.69390 + 980.91962]
Epoch 36 [29.2s]: train==[-66408.44373=-67566.57288 + 194.80443 + 963.32434]
Epoch 37 [27.6s]: train==[-67494.02869=-68656.75610 + 210.03180 + 952.69668]
Epoch 38 [26.6s]: train==[-68125.22998=-69293.33960 + 220.16771 + 947.94280]
Epoch 39 [19.9s + 11.7s]:, recall=[0.00193, 0.00650], precision=[0.00019, 0.00013], hit=[0.00193, 0.00650], ndcg=[0.00090, 0.00186]
Epoch 40 [19.8s]: train==[-69300.37415=-70458.62817 + 222.66118 + 935.59316]
Epoch 41 [21.0s]: train==[-69985.35120=-71138.19360 + 217.34997 + 935.49218]
Epoch 42 [27.2s]: train==[-70372.26868=-71517.92224 + 211.53215 + 934.12164]
Epoch 43 [26.7s]: train==[-70739.59338=-71885.08777 + 204.56409 + 940.92995]
Epoch 44 [27.8s + 12.1s]:, recall=[0.00217, 0.00891], precision=[0.00022, 0.00018], hit=[0.00217, 0.00891], ndcg=[0.00100, 0.00245]
Epoch 45 [26.7s]: train==[-71652.90002=-72780.05798 + 184.46240 + 942.69491]
Epoch 46 [26.0s]: train==[-72057.79175=-73181.98950 + 174.96136 + 949.23665]
Epoch 47 [25.6s]: train==[-72677.44458=-73796.41919 + 163.40902 + 955.56526]
Epoch 48 [26.7s]: train==[-73055.07971=-74161.25977 + 153.23280 + 952.94732]
Epoch 49 [26.2s + 11.9s]:, recall=[0.00253, 0.01048], precision=[0.00025, 0.00021], hit=[0.00253, 0.01048], ndcg=[0.00118, 0.00283]
Epoch 50 [25.6s]: train==[-73987.69446=-75084.45886 + 134.93831 + 961.82609]
Epoch 51 [25.0s]: train==[-74791.04126=-75881.62146 + 125.32556 + 965.25477]
Epoch 52 [25.3s]: train==[-75322.29822=-76407.79797 + 115.92992 + 969.57047]
Epoch 53 [24.9s]: train==[-75731.71204=-76804.86511 + 107.86365 + 965.29005]
Epoch 54 [25.2s + 9.3s]:, recall=[0.00277, 0.01084], precision=[0.00028, 0.00022], hit=[0.00277, 0.01084], ndcg=[0.00121, 0.00288]
Epoch 55 [24.7s]: train==[-77298.04395=-78358.79761 + 94.82429 + 965.92940]
Epoch 56 [24.7s]: train==[-78156.39636=-79208.66467 + 90.03008 + 962.23923]
Epoch 57 [25.0s]: train==[-78866.91370=-79910.16211 + 85.20651 + 958.04257]
Epoch 58 [24.9s]: train==[-79513.95007=-80549.74719 + 82.03433 + 953.76299]
Epoch 59 [24.7s + 9.2s]:, recall=[0.00313, 0.01229], precision=[0.00031, 0.00025], hit=[0.00313, 0.01229], ndcg=[0.00138, 0.00331]
Epoch 60 [24.7s]: train==[-80583.12183=-81606.65308 + 76.78990 + 946.74163]
Epoch 61 [24.8s]: train==[-81060.36987=-82079.24451 + 75.06530 + 943.80887]
Epoch 62 [24.8s]: train==[-81948.06250=-82961.07056 + 72.23768 + 940.77015]
Epoch 63 [24.8s]: train==[-82265.97095=-83269.19409 + 70.85920 + 932.36399]
Epoch 64 [19.1s + 9.3s]:, recall=[0.00325, 0.01470], precision=[0.00033, 0.00029], hit=[0.00325, 0.01470], ndcg=[0.00135, 0.00384]
Epoch 65 [17.8s]: train==[-83359.58838=-84351.52246 + 67.53294 + 924.40157]
Epoch 66 [17.2s]: train==[-83429.83130=-84412.88403 + 66.72432 + 916.32768]
Epoch 67 [23.4s]: train==[-83777.14160=-84755.66821 + 65.47559 + 913.05180]
Epoch 68 [26.0s]: train==[-84796.94727=-85773.90649 + 64.45469 + 912.50325]
Epoch 69 [25.4s + 9.4s]:, recall=[0.00422, 0.01638], precision=[0.00042, 0.00033], hit=[0.00422, 0.01638], ndcg=[0.00175, 0.00439]
Epoch 70 [25.5s]: train==[-85900.22754=-86861.47314 + 61.23357 + 900.01163]
Epoch 71 [25.4s]: train==[-86189.84229=-87149.41138 + 60.11583 + 899.45432]
Epoch 72 [25.3s]: train==[-86170.77026=-87119.95361 + 58.85284 + 890.33034]
Epoch 73 [25.7s]: train==[-86828.83252=-87771.41821 + 56.99595 + 885.58956]
Epoch 74 [25.4s + 9.2s]:, recall=[0.00337, 0.01843], precision=[0.00034, 0.00037], hit=[0.00337, 0.01843], ndcg=[0.00171, 0.00494]
Epoch 75 [25.5s]: train==[-87780.57471=-88709.65186 + 54.17866 + 874.89815]
Epoch 76 [25.2s]: train==[-88520.11401=-89441.30884 + 52.92445 + 868.27015]
Epoch 77 [25.2s]: train==[-88497.33398=-89411.99365 + 51.21663 + 863.44388]
Epoch 78 [25.2s]: train==[-89429.38843=-90336.24072 + 50.21002 + 856.64263]
Epoch 79 [25.4s + 9.3s]:, recall=[0.00434, 0.01867], precision=[0.00043, 0.00037], hit=[0.00434, 0.01867], ndcg=[0.00207, 0.00509]
Epoch 80 [26.2s]: train==[-90240.68286=-91134.29834 + 47.47352 + 846.14151]
Epoch 81 [25.4s]: train==[-90846.91235=-91725.13989 + 45.35612 + 832.87075]
Epoch 82 [25.9s]: train==[-91351.85791=-92215.10693 + 44.53425 + 818.71488]
Epoch 83 [25.4s]: train==[-91859.73291=-92717.13550 + 43.25965 + 814.14290]
Epoch 84 [25.7s + 9.4s]:, recall=[0.00518, 0.02240], precision=[0.00052, 0.00045], hit=[0.00518, 0.02240], ndcg=[0.00263, 0.00623]
Epoch 85 [25.7s]: train==[-92382.32056=-93215.68481 + 40.29018 + 793.07374]
Epoch 86 [25.7s]: train==[-93099.12573=-93927.14478 + 38.82096 + 789.19823]
Epoch 87 [25.7s]: train==[-93758.84033=-94576.50562 + 37.46195 + 780.20348]
Epoch 88 [19.1s]: train==[-94343.14966=-95148.52368 + 36.57573 + 768.79907]
Epoch 89 [18.0s + 10.3s]:, recall=[0.00626, 0.02903], precision=[0.00063, 0.00058], hit=[0.00626, 0.02903], ndcg=[0.00306, 0.00784]
Epoch 90 [17.4s]: train==[-95385.66479=-96173.27979 + 34.24325 + 753.37209]
Epoch 91 [24.0s]: train==[-95965.15723=-96741.50195 + 33.48479 + 742.86058]
Epoch 92 [25.8s]: train==[-97172.34741=-97940.67554 + 32.59919 + 735.72980]
Epoch 93 [26.3s]: train==[-97817.71289=-98576.03125 + 31.62769 + 726.69033]
Epoch 94 [26.3s + 9.5s]:, recall=[0.00879, 0.03806], precision=[0.00088, 0.00076], hit=[0.00879, 0.03806], ndcg=[0.00434, 0.01055]
Epoch 95 [26.5s]: train==[-99094.11646=-99836.82422 + 29.69359 + 713.01439]
Epoch 96 [26.1s]: train==[-100198.75244=-100932.88892 + 29.01331 + 705.12324]
Epoch 97 [26.2s]: train==[-101084.21533=-101811.16235 + 28.06233 + 698.88508]
Epoch 98 [26.0s]: train==[-102036.97510=-102752.31909 + 27.60456 + 687.74009]
Epoch 99 [26.5s + 9.5s]:, recall=[0.01445, 0.05216], precision=[0.00145, 0.00104], hit=[0.01445, 0.05216], ndcg=[0.00669, 0.01470]
Epoch 100 [26.2s]: train==[-103624.78076=-104331.22363 + 25.92798 + 680.51500]
Epoch 101 [26.4s]: train==[-105149.73877=-105848.97632 + 25.21438 + 674.02310]
Epoch 102 [26.3s]: train==[-105560.20850=-106257.13574 + 24.47016 + 672.45668]
Epoch 103 [26.2s]: train==[-106422.81030=-107116.98413 + 24.03845 + 670.13668]
Epoch 104 [26.3s + 9.7s]:, recall=[0.02060, 0.07071], precision=[0.00206, 0.00141], hit=[0.02060, 0.07071], ndcg=[0.00995, 0.02056]
Epoch 105 [25.8s]: train==[-109030.32007=-109727.54370 + 22.78418 + 674.43960]
Epoch 106 [17.8s]: train==[-109461.76343=-110151.80371 + 22.13545 + 667.90444]
Epoch 107 [17.6s]: train==[-111254.92920=-111944.11865 + 21.49576 + 667.69395]
Epoch 108 [17.7s]: train==[-111932.58643=-112617.22900 + 21.03171 + 663.61078]
Epoch 109 [17.7s + 9.7s]:, recall=[0.03096, 0.09323], precision=[0.00310, 0.00186], hit=[0.03096, 0.09323], ndcg=[0.01527, 0.02850]
Epoch 110 [17.6s]: train==[-114957.18970=-115638.95679 + 20.11185 + 661.65517]
Epoch 111 [17.7s]: train==[-115879.87891=-116560.29419 + 19.41860 + 660.99650]
Epoch 112 [17.6s]: train==[-117368.04517=-118041.28418 + 18.86925 + 654.37087]
Epoch 113 [17.5s]: train==[-117823.61060=-118487.37793 + 18.40259 + 645.36525]
Epoch 114 [17.3s + 9.0s]:, recall=[0.04505, 0.12888], precision=[0.00450, 0.00258], hit=[0.04505, 0.12888], ndcg=[0.02211, 0.04001]
Epoch 115 [17.4s]: train==[-120851.73218=-121515.13257 + 17.24576 + 646.15541]
Epoch 116 [17.4s]: train==[-121573.15869=-122226.98633 + 16.84126 + 636.98653]
Epoch 117 [17.4s]: train==[-122822.71826=-123475.84839 + 16.35725 + 636.77303]
Epoch 118 [17.4s]: train==[-124397.55273=-125043.83057 + 15.84799 + 630.43051]
Epoch 119 [17.4s + 9.0s]:, recall=[0.06203, 0.16659], precision=[0.00620, 0.00333], hit=[0.06203, 0.16659], ndcg=[0.03362, 0.05610]
Epoch 120 [17.4s]: train==[-127409.16821=-128042.47363 + 14.97324 + 618.33169]
Epoch 121 [17.4s]: train==[-128549.72778=-129176.55371 + 14.62358 + 612.20290]
Epoch 122 [17.4s]: train==[-130289.57202=-130909.82104 + 14.24200 + 606.00655]
Epoch 123 [17.2s]: train==[-131158.48926=-131775.37134 + 13.73342 + 603.14789]
Epoch 124 [17.4s + 9.0s]:, recall=[0.09179, 0.21657], precision=[0.00918, 0.00433], hit=[0.09179, 0.21657], ndcg=[0.05074, 0.07772]
Epoch 125 [17.4s]: train==[-133831.18530=-134433.54468 + 13.20878 + 589.15107]
Epoch 126 [17.4s]: train==[-135186.52686=-135785.56592 + 12.67037 + 586.36688]
Epoch 127 [17.4s]: train==[-136456.38184=-137048.52466 + 12.29863 + 579.84380]
Epoch 128 [17.4s]: train==[-138084.67383=-138678.03345 + 12.07317 + 581.28615]
Epoch 129 [17.4s + 9.0s]:, recall=[0.12431, 0.26825], precision=[0.01243, 0.00536], hit=[0.12431, 0.26825], ndcg=[0.07211, 0.10354]
Epoch 130 [17.4s]: train==[-140362.08813=-140938.94604 + 11.45947 + 565.39808]
Epoch 131 [17.4s]: train==[-141442.36377=-142012.15088 + 11.14676 + 558.64017]
Epoch 132 [17.4s]: train==[-143246.20117=-143816.46118 + 10.96663 + 559.29197]
Epoch 133 [17.4s]: train==[-144061.10938=-144622.25952 + 10.64922 + 550.50059]
Epoch 134 [17.4s + 9.1s]:, recall=[0.16093, 0.32342], precision=[0.01609, 0.00647], hit=[0.16093, 0.32342], ndcg=[0.09614, 0.13154]
Epoch 135 [17.4s]: train==[-146471.75513=-147019.37744 + 10.31860 + 537.30249]
Epoch 136 [17.4s]: train==[-147578.74854=-148125.90967 + 9.95681 + 537.20325]
Epoch 137 [17.3s]: train==[-148925.30322=-149463.96655 + 9.63544 + 529.02633]
Epoch 138 [17.4s]: train==[-150416.55273=-150954.68506 + 9.59103 + 528.54193]
Epoch 139 [17.4s + 9.1s]:, recall=[0.20116, 0.37617], precision=[0.02012, 0.00752], hit=[0.20116, 0.37617], ndcg=[0.12406, 0.16233]
Epoch 140 [17.4s]: train==[-152058.90723=-152585.18164 + 9.20742 + 517.06688]
Epoch 141 [17.4s]: train==[-153371.38477=-153893.14697 + 8.96392 + 512.79596]
Epoch 142 [17.3s]: train==[-153932.11035=-154448.25586 + 8.82160 + 507.32617]
Epoch 143 [17.3s]: train==[-155454.35425=-155970.81567 + 8.66159 + 507.80101]
Epoch 144 [17.3s + 9.0s]:, recall=[0.23356, 0.41894], precision=[0.02336, 0.00838], hit=[0.23356, 0.41894], ndcg=[0.14789, 0.18843]
Epoch 145 [17.4s]: train==[-157158.80029=-157665.84131 + 8.35730 + 498.68302]
Epoch 146 [17.4s]: train==[-158464.96240=-158966.04346 + 8.18713 + 492.89214]
Epoch 147 [17.4s]: train==[-159847.81055=-160348.47070 + 8.13765 + 492.52304]
Epoch 148 [17.4s]: train==[-160757.51270=-161252.99316 + 7.91424 + 487.56773]
Epoch 149 [17.4s + 9.1s]:, recall=[0.26981, 0.46278], precision=[0.02698, 0.00926], hit=[0.26981, 0.46278], ndcg=[0.17549, 0.21787]
Epoch 150 [17.3s]: train==[-162395.20117=-162885.71387 + 7.61809 + 482.89405]
Epoch 151 [17.4s]: train==[-162811.10791=-163296.01367 + 7.39018 + 477.51581]
Epoch 152 [17.4s]: train==[-163765.03662=-164247.92920 + 7.47751 + 475.41556]
Epoch 153 [17.4s]: train==[-164756.69873=-165234.18457 + 7.34098 + 470.14566]
Epoch 154 [17.4s + 8.9s]:, recall=[0.30041, 0.49109], precision=[0.03004, 0.00982], hit=[0.30041, 0.49109], ndcg=[0.19618, 0.23805]
Epoch 155 [17.3s]: train==[-166460.05566=-166929.32715 + 7.14012 + 462.13116]
Epoch 156 [17.3s]: train==[-167288.67041=-167757.40430 + 6.98184 + 461.75116]
Epoch 157 [17.3s]: train==[-168248.43994=-168709.17236 + 6.95458 + 453.77765]
Epoch 158 [17.3s]: train==[-169470.97754=-169931.72314 + 6.91575 + 453.82745]
Epoch 159 [17.3s + 8.8s]:, recall=[0.32173, 0.51554], precision=[0.03217, 0.01031], hit=[0.32173, 0.51554], ndcg=[0.21390, 0.25662]
Epoch 160 [17.4s]: train==[-170645.51611=-171106.18457 + 6.64175 + 454.02646]
Epoch 161 [17.3s]: train==[-171297.64307=-171748.07471 + 6.62655 + 443.80602]
Epoch 162 [17.4s]: train==[-172782.67432=-173241.25000 + 6.52208 + 452.05216]
Epoch 163 [17.2s]: train==[-172899.57520=-173347.42383 + 6.46081 + 441.38885]
Epoch 164 [17.4s + 9.0s]:, recall=[0.34666, 0.54228], precision=[0.03467, 0.01085], hit=[0.34666, 0.54228], ndcg=[0.23386, 0.27731]
Epoch 165 [17.4s]: train==[-174869.29346=-175311.08691 + 6.30856 + 435.48575]
Epoch 166 [17.4s]: train==[-175642.30420=-176081.21582 + 6.23302 + 432.67929]
Epoch 167 [17.3s]: train==[-175886.73438=-176320.96729 + 6.10731 + 428.12576]
Epoch 168 [17.4s]: train==[-176657.10156=-177092.34863 + 5.99030 + 429.25691]
Epoch 169 [17.3s + 9.1s]:, recall=[0.37027, 0.56324], precision=[0.03703, 0.01126], hit=[0.37027, 0.56324], ndcg=[0.25102, 0.29369]
Epoch 170 [17.3s]: train==[-178332.19727=-178765.07520 + 5.95997 + 426.91765]
Epoch 171 [17.3s]: train==[-178810.47949=-179237.65039 + 5.91723 + 421.25236]
Epoch 172 [17.3s]: train==[-179703.89453=-180129.52539 + 5.77377 + 419.85585]
Epoch 173 [17.4s]: train==[-180639.74316=-181062.93018 + 5.75117 + 417.43701]
Epoch 174 [17.3s + 8.9s]:, recall=[0.39328, 0.58612], precision=[0.03933, 0.01172], hit=[0.39328, 0.58612], ndcg=[0.26707, 0.30987]
Epoch 175 [17.3s]: train==[-181276.52930=-181692.65771 + 5.60816 + 410.52120]
Epoch 176 [17.2s]: train==[-182420.06934=-182828.78564 + 5.51751 + 403.19833]
Epoch 177 [17.3s]: train==[-182889.53711=-183303.11572 + 5.48893 + 408.09056]
Epoch 178 [17.4s]: train==[-183011.02930=-183419.72119 + 5.39145 + 403.30066]
Epoch 179 [17.4s + 9.0s]:, recall=[0.41111, 0.60961], precision=[0.04111, 0.01219], hit=[0.41111, 0.60961], ndcg=[0.28156, 0.32560]
Epoch 180 [17.4s]: train==[-184803.94141=-185208.24268 + 5.30614 + 398.99427]
Epoch 181 [17.3s]: train==[-184847.80762=-185253.80420 + 5.26484 + 400.73178]
Epoch 182 [17.3s]: train==[-185225.07861=-185626.53906 + 5.15785 + 396.30101]
Epoch 183 [17.4s]: train==[-186846.06836=-187242.34326 + 5.19086 + 391.08459]
Epoch 184 [17.4s + 9.0s]:, recall=[0.42881, 0.62708], precision=[0.04288, 0.01254], hit=[0.42881, 0.62708], ndcg=[0.29438, 0.33838]
Epoch 185 [17.4s]: train==[-187551.83740=-187947.36865 + 5.05496 + 390.47870]
Epoch 186 [17.3s]: train==[-187971.30811=-188363.19971 + 5.02614 + 386.86422]
Epoch 187 [17.4s]: train==[-187891.85986=-188278.49121 + 4.93299 + 381.69793]
Epoch 188 [17.3s]: train==[-188962.64941=-189349.62891 + 4.92560 + 382.05475]
Epoch 189 [17.2s + 9.2s]:, recall=[0.44206, 0.64021], precision=[0.04421, 0.01280], hit=[0.44206, 0.64021], ndcg=[0.30661, 0.35077]
Epoch 190 [17.3s]: train==[-190152.43994=-190536.66064 + 4.81212 + 379.41043]
Epoch 191 [17.4s]: train==[-190488.14893=-190867.05518 + 4.76917 + 374.13452]
Epoch 192 [17.4s]: train==[-191309.79590=-191689.58691 + 4.79271 + 374.99805]
Epoch 193 [17.4s]: train==[-191346.94385=-191719.99365 + 4.71214 + 368.33929]
Epoch 194 [17.4s + 9.0s]:, recall=[0.45531, 0.65418], precision=[0.04553, 0.01308], hit=[0.45531, 0.65418], ndcg=[0.31518, 0.35952]
Epoch 195 [17.4s]: train==[-192313.53271=-192685.65234 + 4.57796 + 367.54237]
Epoch 196 [17.4s]: train==[-192778.10059=-193150.86719 + 4.56126 + 368.20730]
Epoch 197 [17.4s]: train==[-193776.50342=-194146.66162 + 4.56640 + 365.59010]
Epoch 198 [17.4s]: train==[-194200.39941=-194566.85303 + 4.47595 + 361.97885]
Epoch 199 [17.3s + 8.9s]:, recall=[0.47097, 0.66333], precision=[0.04710, 0.01327], hit=[0.47097, 0.66333], ndcg=[0.32614, 0.36903]
Epoch 200 [17.5s]: train==[-195115.09912=-195479.43115 + 4.39225 + 359.93898]
Epoch 201 [17.5s]: train==[-195333.24658=-195697.80469 + 4.39225 + 360.16487]
Epoch 202 [17.8s]: train==[-195115.24756=-195471.51416 + 4.35410 + 351.91362]
Epoch 203 [17.5s]: train==[-195633.84180=-195987.62988 + 4.33402 + 349.45464]
Epoch 204 [17.6s + 8.9s]:, recall=[0.48181, 0.67213], precision=[0.04818, 0.01344], hit=[0.48181, 0.67213], ndcg=[0.33365, 0.37626]
Epoch 205 [17.5s]: train==[-196603.01416=-196955.29590 + 4.25337 + 348.02750]
Epoch 206 [17.4s]: train==[-197463.27881=-197815.14697 + 4.14953 + 347.71766]
Epoch 207 [17.4s]: train==[-197890.43311=-198242.63770 + 4.14202 + 348.06172]
Epoch 208 [17.4s]: train==[-198280.62451=-198631.38672 + 4.07686 + 346.68591]
Epoch 209 [17.4s + 9.0s]:, recall=[0.49362, 0.68345], precision=[0.04936, 0.01367], hit=[0.49362, 0.68345], ndcg=[0.34245, 0.38474]
Epoch 210 [17.4s]: train==[-198826.70068=-199170.67773 + 4.00075 + 339.97738]
Epoch 211 [17.4s]: train==[-199538.16309=-199882.10596 + 4.02423 + 339.92037]
Epoch 212 [17.4s]: train==[-199384.45947=-199725.57959 + 4.01252 + 337.10595]
Epoch 213 [17.4s]: train==[-200679.68945=-201017.86621 + 3.94791 + 334.22727]
Epoch 214 [17.5s + 9.1s]:, recall=[0.49892, 0.68791], precision=[0.04989, 0.01376], hit=[0.49892, 0.68791], ndcg=[0.34649, 0.38866]
Epoch 215 [17.5s]: train==[-200717.04688=-201054.13037 + 3.89602 + 333.18895]
Epoch 216 [17.3s]: train==[-201045.36230=-201378.32129 + 3.85279 + 329.10510]
Epoch 217 [17.4s]: train==[-201486.21338=-201816.82959 + 3.85496 + 326.75977]
Epoch 218 [17.4s]: train==[-202299.59521=-202631.54248 + 3.77797 + 328.16732]
Epoch 219 [17.4s + 8.9s]:, recall=[0.50518, 0.69574], precision=[0.05052, 0.01391], hit=[0.50518, 0.69574], ndcg=[0.35094, 0.39331]
Epoch 220 [17.4s]: train==[-202644.22754=-202976.68408 + 3.73361 + 328.72189]
Epoch 221 [17.4s]: train==[-202327.60645=-202652.00098 + 3.72880 + 320.66700]
Epoch 222 [17.4s]: train==[-203496.14990=-203818.77441 + 3.68184 + 318.94264]
Epoch 223 [17.4s]: train==[-203830.18066=-204151.86035 + 3.67163 + 318.00977]
Epoch 224 [17.5s + 9.0s]:, recall=[0.51132, 0.70152], precision=[0.05113, 0.01403], hit=[0.51132, 0.70152], ndcg=[0.35621, 0.39874]
Epoch 225 [17.4s]: train==[-204190.69873=-204509.27539 + 3.58999 + 314.98491]
Epoch 226 [17.4s]: train==[-204382.22705=-204699.75879 + 3.60144 + 313.92899]
Epoch 227 [17.4s]: train==[-204886.00439=-205202.38379 + 3.57435 + 312.80466]
Epoch 228 [17.6s]: train==[-205108.54395=-205424.21924 + 3.53916 + 312.13537]
Epoch 229 [17.2s + 9.0s]:, recall=[0.51831, 0.70381], precision=[0.05183, 0.01408], hit=[0.51831, 0.70381], ndcg=[0.36149, 0.40313]
Epoch 230 [17.3s]: train==[-205318.41357=-205627.44238 + 3.46392 + 305.56472]
Epoch 231 [17.4s]: train==[-206125.49805=-206437.14307 + 3.44532 + 308.20133]
Epoch 232 [17.4s]: train==[-206624.42822=-206933.68066 + 3.43025 + 305.82320]
Epoch 233 [17.3s]: train==[-206651.90527=-206957.48779 + 3.42547 + 302.15667]
Epoch 234 [17.4s + 9.4s]:, recall=[0.52554, 0.71212], precision=[0.05255, 0.01424], hit=[0.52554, 0.71212], ndcg=[0.36592, 0.40777]
Epoch 235 [17.7s]: train==[-206695.67334=-206998.64844 + 3.38404 + 299.59456]
Epoch 236 [17.5s]: train==[-207494.71289=-207796.85449 + 3.34553 + 298.79672]
Epoch 237 [17.5s]: train==[-208024.05713=-208323.92822 + 3.34031 + 296.53046]
Epoch 238 [17.5s]: train==[-208148.86475=-208446.28125 + 3.28736 + 294.13056]
Epoch 239 [17.5s + 9.1s]:, recall=[0.53421, 0.71718], precision=[0.05342, 0.01434], hit=[0.53421, 0.71718], ndcg=[0.37297, 0.41396]
Epoch 240 [17.6s]: train==[-208705.63818=-209005.97998 + 3.29399 + 297.04710]
Epoch 241 [17.4s]: train==[-208506.99268=-208800.36084 + 3.23898 + 290.13107]
Epoch 242 [17.3s]: train==[-208036.81250=-208331.03613 + 3.21655 + 291.00791]
Epoch 243 [17.5s]: train==[-209667.50244=-209961.31348 + 3.20170 + 290.60898]
Epoch 244 [17.5s + 9.1s]:, recall=[0.53951, 0.72103], precision=[0.05395, 0.01442], hit=[0.53951, 0.72103], ndcg=[0.37460, 0.41530]
Epoch 245 [17.4s]: train==[-209951.16504=-210240.75293 + 3.16194 + 286.42812]
Epoch 246 [17.5s]: train==[-209824.18555=-210115.77539 + 3.12703 + 288.46399]
Epoch 247 [17.5s]: train==[-210135.76904=-210422.51025 + 3.12949 + 283.61300]
Epoch 248 [17.5s]: train==[-211208.06738=-211495.10352 + 3.09861 + 283.93859]
Epoch 249 [17.4s + 9.1s]:, recall=[0.54204, 0.72344], precision=[0.05420, 0.01447], hit=[0.54204, 0.72344], ndcg=[0.37590, 0.41663]
Epoch 250 [17.4s]: train==[-210986.86963=-211270.31250 + 3.04947 + 280.39364]
Epoch 251 [17.5s]: train==[-211661.16895=-211944.11670 + 3.05227 + 279.89469]
Epoch 252 [17.5s]: train==[-211092.99121=-211373.33447 + 3.01592 + 277.32862]
Epoch 253 [17.6s]: train==[-211844.58496=-212126.96582 + 3.01478 + 279.36700]
Epoch 254 [17.5s + 9.1s]:, recall=[0.54023, 0.72513], precision=[0.05402, 0.01450], hit=[0.54023, 0.72513], ndcg=[0.37714, 0.41884]
Epoch 255 [17.6s]: train==[-212118.02783=-212397.34277 + 2.98711 + 276.32751]
Epoch 256 [17.5s]: train==[-212616.58643=-212891.93848 + 2.95535 + 272.39739]
Epoch 257 [17.4s]: train==[-212467.99121=-212742.74463 + 2.94750 + 271.80724]
Epoch 258 [17.5s]: train==[-212659.39844=-212933.29248 + 2.91868 + 270.97739]
Epoch 259 [17.4s + 9.0s]:, recall=[0.54529, 0.72958], precision=[0.05453, 0.01459], hit=[0.54529, 0.72958], ndcg=[0.37890, 0.42035]
Epoch 260 [17.4s]: train==[-213072.34521=-213345.66943 + 2.90119 + 270.42261]
Epoch 261 [17.4s]: train==[-212716.54150=-212986.59570 + 2.88342 + 267.17261]
Epoch 262 [17.4s]: train==[-214371.11035=-214642.11426 + 2.85880 + 268.14319]
Epoch 263 [17.4s]: train==[-214113.31396=-214383.90234 + 2.84199 + 267.74790]
Epoch 264 [17.4s + 8.9s]:, recall=[0.55023, 0.73561], precision=[0.05502, 0.01471], hit=[0.55023, 0.73561], ndcg=[0.38332, 0.42498]
Epoch 265 [17.4s]: train==[-214333.75049=-214602.33008 + 2.81142 + 265.76894]
Epoch 266 [17.4s]: train==[-215118.72510=-215385.71533 + 2.80892 + 264.18093]
Epoch 267 [17.4s]: train==[-214953.42041=-215219.87646 + 2.78354 + 263.67290]
Epoch 268 [17.4s]: train==[-215482.49561=-215746.08496 + 2.75992 + 260.82969]
Epoch 269 [17.4s + 8.9s]:, recall=[0.55408, 0.73741], precision=[0.05541, 0.01475], hit=[0.55408, 0.73741], ndcg=[0.38587, 0.42703]
Epoch 270 [17.4s]: train==[-215898.75928=-216158.22852 + 2.74079 + 256.72717]
Epoch 271 [17.3s]: train==[-216149.83594=-216411.56787 + 2.71765 + 259.01509]
Epoch 272 [17.3s]: train==[-216167.14648=-216423.92676 + 2.71727 + 254.06317]
Epoch 273 [17.4s]: train==[-216412.67920=-216673.75146 + 2.70619 + 258.36658]
Epoch 274 [17.4s + 9.1s]:, recall=[0.55529, 0.73838], precision=[0.05553, 0.01477], hit=[0.55529, 0.73838], ndcg=[0.38668, 0.42795]
Epoch 275 [17.6s]: train==[-216043.23291=-216298.40625 + 2.67292 + 252.50137]
Epoch 276 [17.6s]: train==[-216380.73340=-216634.74170 + 2.66603 + 251.34441]
Epoch 277 [18.0s]: train==[-216400.33008=-216652.71387 + 2.65995 + 249.72453]
Epoch 278 [18.4s]: train==[-217126.59082=-217380.27393 + 2.64645 + 251.03699]
Epoch 279 [17.4s + 9.0s]:, recall=[0.55938, 0.74247], precision=[0.05594, 0.01485], hit=[0.55938, 0.74247], ndcg=[0.38883, 0.43009]
Epoch 280 [17.5s]: train==[-217543.21582=-217795.17773 + 2.61138 + 249.35109]
Epoch 281 [17.6s]: train==[-217715.07812=-217964.61328 + 2.61431 + 246.92052]
Epoch 282 [17.6s]: train==[-217927.95215=-218175.77344 + 2.58585 + 245.23493]
Epoch 283 [17.6s]: train==[-218013.44873=-218261.97266 + 2.58517 + 245.94081]
Epoch 284 [17.7s + 8.9s]:, recall=[0.55987, 0.74536], precision=[0.05599, 0.01491], hit=[0.55987, 0.74536], ndcg=[0.38844, 0.43014]
Epoch 285 [17.4s]: train==[-218249.89062=-218495.79395 + 2.55894 + 243.34484]
Epoch 286 [17.7s]: train==[-218019.69580=-218265.29492 + 2.54967 + 243.04824]
Epoch 287 [17.6s]: train==[-218508.49170=-218751.22607 + 2.53894 + 240.19612]
Epoch 288 [17.5s]: train==[-218622.23633=-218866.11523 + 2.52366 + 241.35563]
Epoch 289 [17.4s + 8.9s]:, recall=[0.55926, 0.74356], precision=[0.05593, 0.01487], hit=[0.55926, 0.74356], ndcg=[0.38793, 0.42941]
Epoch 290 [17.5s]: train==[-218917.10498=-219157.58789 + 2.50619 + 237.97681]
Epoch 291 [17.7s]: train==[-218737.86816=-218977.12598 + 2.49264 + 236.76465]
Epoch 292 [17.7s]: train==[-218500.29297=-218738.79980 + 2.48157 + 236.02444]
Epoch 293 [17.7s]: train==[-219780.54688=-220020.52148 + 2.48603 + 237.48946]
Epoch 294 [17.7s + 8.9s]:, recall=[0.56023, 0.74801], precision=[0.05602, 0.01496], hit=[0.56023, 0.74801], ndcg=[0.38863, 0.43095]
Epoch 295 [17.5s]: train==[-220002.50391=-220237.79932 + 2.45236 + 232.84061]
Epoch 296 [17.4s]: train==[-219836.96777=-220075.29443 + 2.44770 + 235.87996]
Epoch 297 [17.4s]: train==[-220463.29639=-220700.30371 + 2.42951 + 234.57902]
Epoch 298 [17.3s]: train==[-219988.78613=-220221.44189 + 2.44089 + 230.21595]
Epoch 299 [17.5s + 9.0s]:, recall=[0.56059, 0.74681], precision=[0.05606, 0.01494], hit=[0.56059, 0.74681], ndcg=[0.38890, 0.43087]
Epoch 300 [17.5s]: train==[-220397.81738=-220631.49756 + 2.40362 + 231.27716]
Epoch 301 [17.5s]: train==[-220846.16113=-221080.12598 + 2.40304 + 231.56216]
Epoch 302 [17.4s]: train==[-220984.82324=-221215.31250 + 2.38693 + 228.10423]
Epoch 303 [17.5s]: train==[-221006.86328=-221237.20264 + 2.38675 + 227.95176]
Epoch 304 [17.5s + 9.1s]:, recall=[0.56119, 0.75030], precision=[0.05612, 0.01501], hit=[0.56119, 0.75030], ndcg=[0.38820, 0.43086]
Epoch 305 [17.5s]: train==[-221193.32666=-221423.03369 + 2.35655 + 227.35277]
Epoch 306 [17.6s]: train==[-221863.63477=-222093.80664 + 2.35680 + 227.81666]
Epoch 307 [17.5s]: train==[-221808.15039=-222035.85059 + 2.35268 + 225.34824]
Epoch 308 [17.5s]: train==[-221135.09717=-221360.44873 + 2.34159 + 223.01040]
Epoch 309 [17.7s + 9.3s]:, recall=[0.56083, 0.75199], precision=[0.05608, 0.01504], hit=[0.56083, 0.75199], ndcg=[0.38934, 0.43236]
Epoch 310 [17.4s]: train==[-222754.78516=-222979.42773 + 2.32443 + 222.31893]
Epoch 311 [17.4s]: train==[-222044.92969=-222269.51953 + 2.31900 + 222.27262]
Epoch 312 [17.4s]: train==[-221496.00488=-221720.30078 + 2.31260 + 221.98083]
Epoch 313 [17.8s]: train==[-222745.24072=-222969.59863 + 2.30680 + 222.04999]
Epoch 314 [17.6s + 9.3s]:, recall=[0.56360, 0.75235], precision=[0.05636, 0.01505], hit=[0.56360, 0.75235], ndcg=[0.39121, 0.43383]
Epoch 315 [17.3s]: train==[-223281.34033=-223503.81396 + 2.29296 + 220.18158]
Epoch 316 [17.5s]: train==[-222928.14307=-223150.62207 + 2.28440 + 220.19623]
Epoch 317 [17.4s]: train==[-222616.58203=-222837.14160 + 2.26849 + 218.29308]
Epoch 318 [17.4s]: train==[-222424.85107=-222644.97021 + 2.27640 + 217.84210]
Epoch 319 [17.4s + 9.1s]:, recall=[0.56336, 0.75319], precision=[0.05634, 0.01506], hit=[0.56336, 0.75319], ndcg=[0.39036, 0.43322]
Epoch 320 [17.4s]: train==[-223033.38770=-223253.89600 + 2.25479 + 218.25400]
Epoch 321 [17.3s]: train==[-223551.61523=-223768.84277 + 2.24817 + 214.97983]
Epoch 322 [17.4s]: train==[-223079.81934=-223297.93750 + 2.24096 + 215.87590]
Epoch 323 [17.3s]: train==[-223191.72705=-223408.29102 + 2.23657 + 214.32743]
Epoch 324 [17.3s + 9.0s]:, recall=[0.56492, 0.75656], precision=[0.05649, 0.01513], hit=[0.56492, 0.75656], ndcg=[0.39102, 0.43428]
Epoch 325 [17.4s]: train==[-224160.45361=-224376.61182 + 2.22672 + 213.93113]
Epoch 326 [17.3s]: train==[-223985.66211=-224201.27344 + 2.22060 + 213.38911]
Epoch 327 [17.3s]: train==[-223904.25488=-224119.16748 + 2.20718 + 212.70470]
Epoch 328 [17.3s]: train==[-224335.00293=-224548.95068 + 2.19784 + 211.75092]
Epoch 329 [17.4s + 9.0s]:, recall=[0.56444, 0.75572], precision=[0.05644, 0.01511], hit=[0.56444, 0.75572], ndcg=[0.39000, 0.43322]
Epoch 330 [17.6s]: train==[-224218.87939=-224431.77881 + 2.19806 + 210.69957]
Epoch 331 [17.9s]: train==[-224354.53076=-224567.47949 + 2.18601 + 210.76295]
Epoch 332 [17.7s]: train==[-224600.46045=-224812.71143 + 2.18534 + 210.06602]
Epoch 333 [17.4s]: train==[-224653.80859=-224866.48242 + 2.17355 + 210.49896]
Epoch 334 [17.4s + 9.0s]:, recall=[0.56432, 0.75837], precision=[0.05643, 0.01517], hit=[0.56432, 0.75837], ndcg=[0.38982, 0.43369]
Epoch 335 [17.4s]: train==[-224993.83838=-225204.68994 + 2.16295 + 208.68781]
Epoch 336 [17.3s]: train==[-224973.05518=-225183.18994 + 2.16202 + 207.97487]
Epoch 337 [17.3s]: train==[-225169.51074=-225378.22607 + 2.15767 + 206.55663]
Epoch 338 [17.2s]: train==[-224954.89551=-225164.08447 + 2.14883 + 207.03985]
Epoch 339 [17.3s + 9.0s]:, recall=[0.56276, 0.75801], precision=[0.05628, 0.01516], hit=[0.56276, 0.75801], ndcg=[0.38926, 0.43334]
Epoch 340 [17.3s]: train==[-225042.08496=-225250.25977 + 2.13880 + 206.03658]
Epoch 341 [17.3s]: train==[-224850.83057=-225056.16846 + 2.13374 + 203.20458]
Epoch 342 [17.3s]: train==[-225330.02832=-225535.68750 + 2.13029 + 203.52972]
Epoch 343 [17.3s]: train==[-225916.81104=-226122.99121 + 2.12810 + 204.05108]
Epoch 344 [17.3s + 9.0s]:, recall=[0.56384, 0.75753], precision=[0.05638, 0.01515], hit=[0.56384, 0.75753], ndcg=[0.39019, 0.43403]
Epoch 345 [17.4s]: train==[-225507.92432=-225711.58398 + 2.12012 + 201.54033]
Epoch 346 [17.3s]: train==[-225668.52197=-225873.68066 + 2.10609 + 203.05369]
Epoch 347 [17.4s]: train==[-225960.79590=-226163.64941 + 2.11145 + 200.74201]
Epoch 348 [17.3s]: train==[-225738.75098=-225943.65479 + 2.10192 + 202.80183]
Epoch 349 [17.3s + 8.9s]:, recall=[0.56288, 0.75705], precision=[0.05629, 0.01514], hit=[0.56288, 0.75705], ndcg=[0.38817, 0.43214]
Epoch 350 [17.3s]: train==[-226264.72998=-226466.85156 + 2.09101 + 200.03178]
Epoch 351 [17.3s]: train==[-226296.92676=-226498.91895 + 2.08960 + 199.90283]
Epoch 352 [17.3s]: train==[-226203.42480=-226405.64893 + 2.08633 + 200.13830]
Epoch 353 [17.2s]: train==[-226930.99121=-227132.47754 + 2.08191 + 199.40357]
Epoch 354 [17.3s + 9.4s]:, recall=[0.56613, 0.75813], precision=[0.05661, 0.01516], hit=[0.56613, 0.75813], ndcg=[0.38894, 0.43233]
Epoch 355 [17.5s]: train==[-227187.15137=-227387.94189 + 2.07377 + 198.71711]
Epoch 356 [17.4s]: train==[-226976.49805=-227177.08154 + 2.07226 + 198.51020]
Epoch 357 [17.4s]: train==[-227313.08301=-227512.96387 + 2.06122 + 197.81953]
Epoch 358 [17.3s]: train==[-226875.75049=-227075.74316 + 2.06289 + 197.93152]
Epoch 359 [17.3s + 9.2s]:, recall=[0.56601, 0.76018], precision=[0.05660, 0.01520], hit=[0.56601, 0.76018], ndcg=[0.38987, 0.43379]
Epoch 360 [17.7s]: train==[-227743.19482=-227942.39600 + 2.05346 + 197.14849]
Epoch 361 [17.4s]: train==[-227278.15430=-227475.68115 + 2.05020 + 195.47809]
Epoch 362 [17.4s]: train==[-227982.12695=-228180.02002 + 2.04651 + 195.84517]
Epoch 363 [17.4s]: train==[-227701.07275=-227898.46387 + 2.04366 + 195.34846]
Epoch 364 [17.3s + 9.1s]:, recall=[0.56384, 0.76054], precision=[0.05638, 0.01521], hit=[0.56384, 0.76054], ndcg=[0.38900, 0.43348]
Epoch 365 [17.4s]: train==[-227958.15039=-228155.00293 + 2.03235 + 194.82145]
Epoch 366 [17.4s]: train==[-227770.22119=-227967.56787 + 2.02951 + 195.31781]
Epoch 367 [17.3s]: train==[-227548.44824=-227743.62500 + 2.03068 + 193.14611]
Epoch 368 [17.4s]: train==[-228248.70752=-228444.76221 + 2.02181 + 194.03354]
Epoch 369 [17.4s + 8.9s]:, recall=[0.56432, 0.75994], precision=[0.05643, 0.01520], hit=[0.56432, 0.75994], ndcg=[0.38829, 0.43245]
Epoch 370 [17.6s]: train==[-227983.40674=-228178.87305 + 2.01847 + 193.44868]
Epoch 371 [17.5s]: train==[-228603.42969=-228798.53711 + 2.01469 + 193.09307]
Epoch 372 [17.5s]: train==[-227937.35449=-228131.37646 + 2.01274 + 192.00988]
Epoch 373 [17.5s]: train==[-228448.06250=-228641.77441 + 2.00982 + 191.70330]
Epoch 374 [17.4s + 9.0s]:, recall=[0.56360, 0.76030], precision=[0.05636, 0.01521], hit=[0.56360, 0.76030], ndcg=[0.38796, 0.43258]
Epoch 375 [17.4s]: train==[-228669.90869=-228863.05176 + 2.00586 + 191.13641]
Epoch 376 [17.3s]: train==[-229015.73828=-229208.63379 + 2.00111 + 190.89449]
Epoch 377 [17.3s]: train==[-228977.79443=-229170.41309 + 1.99469 + 190.62246]
Epoch 378 [17.3s]: train==[-229325.62988=-229517.31152 + 1.99267 + 189.68676]
Epoch 379 [17.3s + 9.1s]:, recall=[0.56312, 0.76054], precision=[0.05631, 0.01521], hit=[0.56312, 0.76054], ndcg=[0.38707, 0.43182]
Epoch 380 [17.2s]: train==[-229017.35938=-229208.67969 + 1.98593 + 189.33492]
Epoch 381 [17.3s]: train==[-229111.55225=-229302.63232 + 1.98079 + 189.10092]
Epoch 382 [17.3s]: train==[-229172.78613=-229363.21973 + 1.98394 + 188.44892]
Epoch 383 [17.3s]: train==[-229496.04492=-229687.05908 + 1.97941 + 189.03462]
Epoch 384 [17.3s + 9.2s]:, recall=[0.56300, 0.75849], precision=[0.05630, 0.01517], hit=[0.56300, 0.75849], ndcg=[0.38670, 0.43101]
Epoch 385 [17.5s]: train==[-229332.60059=-229522.44141 + 1.97501 + 187.86519]
Epoch 386 [17.5s]: train==[-229881.86475=-230070.53125 + 1.97181 + 186.69631]
Epoch 387 [17.6s]: train==[-230166.56689=-230356.88232 + 1.97178 + 188.34313]
Epoch 388 [18.0s]: train==[-230230.70361=-230420.60498 + 1.96678 + 187.93497]
Epoch 389 [17.3s + 9.1s]:, recall=[0.56432, 0.76018], precision=[0.05643, 0.01520], hit=[0.56432, 0.76018], ndcg=[0.38600, 0.43024]
Epoch 390 [17.3s]: train==[-230081.80762=-230270.83203 + 1.95972 + 187.06473]
Epoch 391 [17.3s]: train==[-229176.16748=-229363.72754 + 1.95979 + 185.59881]
Epoch 392 [17.3s]: train==[-229883.32568=-230071.75098 + 1.95546 + 186.46845]
Epoch 393 [17.2s]: train==[-230058.95654=-230247.80420 + 1.95367 + 186.89317]
Epoch 394 [17.3s + 9.2s]:, recall=[0.56529, 0.76162], precision=[0.05653, 0.01523], hit=[0.56529, 0.76162], ndcg=[0.38716, 0.43163]
Epoch 395 [17.3s]: train==[-230585.95947=-230773.64453 + 1.94822 + 185.73892]
Epoch 396 [17.3s]: train==[-230688.58252=-230875.94971 + 1.94398 + 185.42287]
Epoch 397 [17.3s]: train==[-230397.94971=-230584.60889 + 1.94577 + 184.71269]
Epoch 398 [17.3s]: train==[-230920.67090=-231107.00537 + 1.93775 + 184.39609]
Epoch 399 [17.3s + 9.1s]:, recall=[0.56288, 0.76235], precision=[0.05629, 0.01525], hit=[0.56288, 0.76235], ndcg=[0.38501, 0.42997]
Epoch 400 [17.3s]: train==[-230153.80811=-230339.80078 + 1.93845 + 184.05533]
Epoch 401 [17.3s]: train==[-230882.73340=-231068.98291 + 1.93149 + 184.31807]
Epoch 402 [17.3s]: train==[-230292.66699=-230477.66455 + 1.93075 + 183.06777]
Epoch 403 [17.3s]: train==[-230588.93652=-230774.47803 + 1.93318 + 183.60738]
Epoch 404 [17.3s + 8.9s]:, recall=[0.56071, 0.76126], precision=[0.05607, 0.01523], hit=[0.56071, 0.76126], ndcg=[0.38451, 0.43000]
Early stopping is trigger at step: 10 log:0.5607082630691309
Best Iter=[64]@[8670.9]	recall=[0.4687	0.5649	0.6563	0.7566], ndcg=[0.3599	0.3910	0.4142	0.4343]
Model Save To Tmall.pth.tar.pth.tar
